<?xml version="1.0" encoding="UTF-8"?>
<testsuite xmlns:xsi="http://www.w3.org/2001/XMLSchema-instance" xsi:noNamespaceSchemaLocation="https://maven.apache.org/surefire/maven-surefire-plugin/xsd/surefire-test-report-3.0.xsd" version="3.0" name="org.compiladores.ParaserTest" time="0.157" tests="1" errors="0" skipped="0" failures="0">
  <properties>
[...]
</properties>
  <testcase name="parserAnalysis" classname="org.compiladores.ParaserTest" time="0.111">
    <system-out><![CDATA[Tipo Jugador: Blancas
Tipo de pieza: Peon
Cordenada X: 4
Cordenada Y: 3
No hay ninguna pieza en esta casilla.
No hay ninguna pieza en esta casilla.
No hay ninguna pieza en esta casilla.
No hay ninguna pieza en esta casilla.
No hay ninguna pieza en esta casilla.
No hay ninguna pieza en esta casilla.
No hay ninguna pieza en esta casilla.
No hay ninguna pieza en esta casilla.
Las coordenadas (4, 3) coinciden con el peón en el índice 2 Que parte de la casilla 3 , 2 y se realizará una captura.
Tipo Jugador: Negras
Tipo de pieza: Peon
Cordenada X: 6
Cordenada Y: 6
No hay ninguna pieza en esta casilla.
No hay ninguna pieza en esta casilla.
No hay ninguna pieza en esta casilla.
No hay ninguna pieza en esta casilla.
No hay ninguna pieza en esta casilla.
No hay ninguna pieza en esta casilla.
No hay ninguna pieza en esta casilla.
No hay ninguna pieza en esta casilla.
Las coordenadas (6, 6) coinciden con el peón en el índice 3 Que parte de la casilla 5 , 7 y se realizará una captura.
]]></system-out>
  </testcase>
</testsuite>